<?xml version="1.0" encoding="UTF-8"?>
<testng-results ignored="0" total="1" passed="1" failed="0" skipped="0">
  <reporter-output>
  </reporter-output>
  <suite started-at="2025-08-09T22:25:44 IST" name="Default suite" finished-at="2025-08-09T22:25:54 IST" duration-ms="10079">
    <groups>
    </groups>
    <test started-at="2025-08-09T22:25:44 IST" name="Default test" finished-at="2025-08-09T22:25:54 IST" duration-ms="10079">
      <class name="Test.LoginTest">
        <test-method is-config="true" signature="setUp()[pri:0, instance:Test.LoginTest@59fd97a8]" started-at="2025-08-09T22:25:44 IST" name="setUp" finished-at="2025-08-09T22:25:49 IST" duration-ms="4650" status="PASS">
          <reporter-output>
          </reporter-output>
        </test-method> <!-- setUp -->
        <test-method signature="ValidTestLogin()[pri:0, instance:Test.LoginTest@59fd97a8]" started-at="2025-08-09T22:25:49 IST" name="ValidTestLogin" finished-at="2025-08-09T22:25:54 IST" duration-ms="5299" status="PASS">
          <reporter-output>
          </reporter-output>
        </test-method> <!-- ValidTestLogin -->
        <test-method is-config="true" signature="tearDown()[pri:0, instance:Test.LoginTest@59fd97a8]" started-at="2025-08-09T22:25:54 IST" name="tearDown" finished-at="2025-08-09T22:25:54 IST" duration-ms="4" status="PASS">
          <reporter-output>
          </reporter-output>
        </test-method> <!-- tearDown -->
      </class> <!-- Test.LoginTest -->
    </test> <!-- Default test -->
  </suite> <!-- Default suite -->
</testng-results>
